#! /usr/bin/vvp
:ivl_version "10.1 (stable)";
:ivl_delay_selection "TYPICAL";
:vpi_time_precision - 12;
:vpi_module "system";
:vpi_module "vhdl_sys";
:vpi_module "v2005_math";
:vpi_module "va_math";
S_0x55ac6009c5f0 .scope module, "adder" "adder" 2 3;
 .timescale -9 -12;
    .port_info 0 /INPUT 1 "clock"
    .port_info 1 /INPUT 4 "a"
    .port_info 2 /INPUT 4 "b"
    .port_info 3 /OUTPUT 5 "sum"
o0x7f061da44018 .functor BUFZ 4, C4<zzzz>; HiZ drive
v0x55ac6009c7e0_0 .net "a", 3 0, o0x7f061da44018;  0 drivers
o0x7f061da44048 .functor BUFZ 4, C4<zzzz>; HiZ drive
v0x55ac600bc8c0_0 .net "b", 3 0, o0x7f061da44048;  0 drivers
v0x55ac600bc9a0_0 .var "carry", 4 0;
o0x7f061da440a8 .functor BUFZ 1, C4<z>; HiZ drive
v0x55ac600bca90_0 .net "clock", 0 0, o0x7f061da440a8;  0 drivers
v0x55ac600bcb50_0 .var "g", 3 0;
v0x55ac600bcc80_0 .var "p", 3 0;
v0x55ac600bcd60_0 .var "sum", 4 0;
E_0x55ac6005cc30 .event posedge, v0x55ac600bca90_0;
    .scope S_0x55ac6009c5f0;
T_0 ;
    %pushi/vec4 0, 0, 1;
    %ix/load 4, 0, 0;
    %flag_set/imm 4, 0;
    %store/vec4 v0x55ac600bc9a0_0, 4, 1;
    %end;
    .thread T_0;
    .scope S_0x55ac6009c5f0;
T_1 ;
    %wait E_0x55ac6005cc30;
    %load/vec4 v0x55ac6009c7e0_0;
    %load/vec4 v0x55ac600bc8c0_0;
    %xor;
    %store/vec4 v0x55ac600bcc80_0, 0, 4;
    %load/vec4 v0x55ac6009c7e0_0;
    %load/vec4 v0x55ac600bc8c0_0;
    %and;
    %store/vec4 v0x55ac600bcb50_0, 0, 4;
    %load/vec4 v0x55ac600bcb50_0;
    %parti/s 1, 0, 2;
    %ix/load 4, 1, 0;
    %flag_set/imm 4, 0;
    %store/vec4 v0x55ac600bc9a0_0, 4, 1;
    %load/vec4 v0x55ac600bcb50_0;
    %parti/s 1, 1, 2;
    %load/vec4 v0x55ac600bcc80_0;
    %parti/s 1, 1, 2;
    %load/vec4 v0x55ac600bcb50_0;
    %parti/s 1, 0, 2;
    %and;
    %or;
    %ix/load 4, 2, 0;
    %flag_set/imm 4, 0;
    %store/vec4 v0x55ac600bc9a0_0, 4, 1;
    %load/vec4 v0x55ac600bcb50_0;
    %parti/s 1, 2, 3;
    %load/vec4 v0x55ac600bcc80_0;
    %parti/s 1, 2, 3;
    %load/vec4 v0x55ac600bcb50_0;
    %parti/s 1, 1, 2;
    %and;
    %or;
    %load/vec4 v0x55ac600bcc80_0;
    %parti/s 1, 2, 3;
    %load/vec4 v0x55ac600bcc80_0;
    %parti/s 1, 1, 2;
    %and;
    %load/vec4 v0x55ac600bcc80_0;
    %parti/s 1, 0, 2;
    %and;
    %or;
    %ix/load 4, 3, 0;
    %flag_set/imm 4, 0;
    %store/vec4 v0x55ac600bc9a0_0, 4, 1;
    %load/vec4 v0x55ac600bcb50_0;
    %parti/s 1, 3, 3;
    %load/vec4 v0x55ac600bcc80_0;
    %parti/s 1, 3, 3;
    %load/vec4 v0x55ac600bcb50_0;
    %parti/s 1, 2, 3;
    %and;
    %or;
    %load/vec4 v0x55ac600bcc80_0;
    %parti/s 1, 3, 3;
    %load/vec4 v0x55ac600bcc80_0;
    %parti/s 1, 2, 3;
    %and;
    %load/vec4 v0x55ac600bcb50_0;
    %parti/s 1, 1, 2;
    %and;
    %or;
    %load/vec4 v0x55ac600bcc80_0;
    %parti/s 1, 3, 3;
    %load/vec4 v0x55ac600bcc80_0;
    %parti/s 1, 2, 3;
    %and;
    %load/vec4 v0x55ac600bcc80_0;
    %parti/s 1, 1, 2;
    %and;
    %load/vec4 v0x55ac600bcb50_0;
    %parti/s 1, 0, 2;
    %and;
    %or;
    %ix/load 4, 4, 0;
    %flag_set/imm 4, 0;
    %store/vec4 v0x55ac600bc9a0_0, 4, 1;
    %load/vec4 v0x55ac600bcc80_0;
    %parti/s 1, 0, 2;
    %load/vec4 v0x55ac600bc9a0_0;
    %parti/s 1, 0, 2;
    %xor;
    %ix/load 4, 0, 0;
    %flag_set/imm 4, 0;
    %store/vec4 v0x55ac600bcd60_0, 4, 1;
    %load/vec4 v0x55ac600bcc80_0;
    %parti/s 1, 1, 2;
    %load/vec4 v0x55ac600bc9a0_0;
    %parti/s 1, 1, 2;
    %xor;
    %ix/load 4, 1, 0;
    %flag_set/imm 4, 0;
    %store/vec4 v0x55ac600bcd60_0, 4, 1;
    %load/vec4 v0x55ac600bcc80_0;
    %parti/s 1, 2, 3;
    %load/vec4 v0x55ac600bc9a0_0;
    %parti/s 1, 2, 3;
    %xor;
    %ix/load 4, 2, 0;
    %flag_set/imm 4, 0;
    %store/vec4 v0x55ac600bcd60_0, 4, 1;
    %load/vec4 v0x55ac600bcc80_0;
    %parti/s 1, 3, 3;
    %load/vec4 v0x55ac600bc9a0_0;
    %parti/s 1, 3, 3;
    %xor;
    %ix/load 4, 3, 0;
    %flag_set/imm 4, 0;
    %store/vec4 v0x55ac600bcd60_0, 4, 1;
    %load/vec4 v0x55ac600bc9a0_0;
    %parti/s 1, 4, 4;
    %ix/load 4, 4, 0;
    %flag_set/imm 4, 0;
    %store/vec4 v0x55ac600bcd60_0, 4, 1;
    %jmp T_1;
    .thread T_1;
# The file index is used to find the file name in the following table.
:file_names 3;
    "N/A";
    "<interactive>";
    "adder.v";
